d:\ktü\yapay sinir ağları\project\ysa_project\ysa_project\x64\debug\vc143.pdb
d:\ktü\yapay sinir ağları\project\ysa_project\ysa_project\x64\debug\.netframework,version=v4.8.assemblyattributes.obj
d:\ktü\yapay sinir ağları\project\ysa_project\ysa_project\x64\debug\process.obj
d:\ktü\yapay sinir ağları\project\ysa_project\ysa_project\x64\debug\myform.obj
d:\ktü\yapay sinir ağları\project\ysa_project\x64\debug\ysa_project.exe
d:\ktü\yapay sinir ağları\project\ysa_project\x64\debug\ysa_project.pdb
d:\ktü\yapay sinir ağları\project\ysa_project\ysa_project\x64\debug\ysa_project.tlog\metagen.write.1.tlog
d:\ktü\yapay sinir ağları\project\ysa_project\ysa_project\x64\debug\ysa_project.tlog\cl.command.1.tlog
d:\ktü\yapay sinir ağları\project\ysa_project\ysa_project\x64\debug\ysa_project.tlog\cl.items.tlog
d:\ktü\yapay sinir ağları\project\ysa_project\ysa_project\x64\debug\ysa_project.tlog\cl.read.1.tlog
d:\ktü\yapay sinir ağları\project\ysa_project\ysa_project\x64\debug\ysa_project.tlog\cl.write.1.tlog
d:\ktü\yapay sinir ağları\project\ysa_project\ysa_project\x64\debug\ysa_project.tlog\link.command.1.tlog
d:\ktü\yapay sinir ağları\project\ysa_project\ysa_project\x64\debug\ysa_project.tlog\link.read.1.tlog
d:\ktü\yapay sinir ağları\project\ysa_project\ysa_project\x64\debug\ysa_project.tlog\link.secondary.1.tlog
d:\ktü\yapay sinir ağları\project\ysa_project\ysa_project\x64\debug\ysa_project.tlog\link.write.1.tlog
d:\ktü\yapay sinir ağları\project\ysa_project\ysa_project\x64\debug\ysa_project.tlog\metagen.read.1.tlog
d:\ktü\yapay sinir ağları\project\ysa_project\ysa_project\x64\debug\ysa_project.tlog\resgen.command.1.tlog
d:\ktü\yapay sinir ağları\project\ysa_project\ysa_project\x64\debug\ysa_project.tlog\resgen.read.1.tlog
d:\ktü\yapay sinir ağları\project\ysa_project\ysa_project\x64\debug\ysa_project.tlog\resgen.write.1.tlog
d:\ktü\yapay sinir ağları\project\ysa_project\ysa_project\x64\debug\ysa_project.tlog\system.data.dll.metagen
d:\ktü\yapay sinir ağları\project\ysa_project\ysa_project\x64\debug\ysa_project.tlog\system.dll.metagen
d:\ktü\yapay sinir ağları\project\ysa_project\ysa_project\x64\debug\ysa_project.tlog\system.drawing.dll.metagen
d:\ktü\yapay sinir ağları\project\ysa_project\ysa_project\x64\debug\ysa_project.tlog\system.windows.forms.dll.metagen
d:\ktü\yapay sinir ağları\project\ysa_project\ysa_project\x64\debug\ysa_project.tlog\system.xml.dll.metagen
d:\ktü\yapay sinir ağları\project\ysa_project\ysa_project\x64\debug\ysa_project.tlog\clr.dll.bi
d:\ktü\yapay sinir ağları\project\ysa_project\ysa_project\x64\debug\ysa_project.tlog\clui.dll.bi
d:\ktü\yapay sinir ağları\project\ysa_project\ysa_project\x64\debug\ysa_project.tlog\mscorwks.dll.bi
d:\ktü\yapay sinir ağları\project\ysa_project\ysa_project\x64\debug\ysa_project.tlog\tzres.dll.bi
